    2025-04-30 23:09:28,624 - __main__ - WARNING - Indonesian spaCy model not found. Using blank 'id' model instead. Tokenization might be less accurate. Install with: 'python -m spacy download id_core_news_sm'
2025-04-30 23:09:28,628 - __main__ - INFO - Starting Data Augmentation Script...
2025-04-30 23:09:28,628 - __main__ - INFO - Input file: data_train.json
2025-04-30 23:09:28,629 - __main__ - INFO - Output file: trainfix.json
2025-04-30 23:09:28,629 - __main__ - INFO - Target Multiplier: 2.5
2025-04-30 23:09:28,630 - __main__ - INFO - Min Examples per Intent: 15
2025-04-30 23:09:28,631 - __main__ - INFO - Substitution Probability: 0.3
2025-04-30 23:09:28,631 - __main__ - INFO - Loading data...
2025-04-30 23:09:28,659 - __main__ - INFO - Loaded 707 valid examples from data_train.json
2025-04-30 23:09:28,682 - __main__ - INFO - 
--- Analyzing Original Data ---
2025-04-30 23:09:28,702 - __main__ - INFO - Total valid examples: 707
2025-04-30 23:09:28,702 - __main__ - INFO - Average text length: 36.65 characters
2025-04-30 23:09:28,703 - __main__ - INFO - Intent Distribution (26 intents found):
2025-04-30 23:09:28,703 - __main__ - INFO -   - info_spp_ft: 414 (58.6%)
2025-04-30 23:09:28,704 - __main__ - INFO -   - info_biaya_pmb: 54 (7.6%)
2025-04-30 23:09:28,704 - __main__ - INFO -   - provide_name: 28 (4.0%)
2025-04-30 23:09:28,704 - __main__ - INFO -   - info_krs_sevima: 17 (2.4%)
2025-04-30 23:09:28,706 - __main__ - INFO -   - info_lab_sipil: 14 (2.0%)
2025-04-30 23:09:28,706 - __main__ - INFO -   - greeting_ft: 12 (1.7%)
2025-04-30 23:09:28,706 - __main__ - INFO -   - cara_bayar_spp_ft: 12 (1.7%)
2025-04-30 23:09:28,707 - __main__ - INFO -   - tanya_pembelajaran_lab: 11 (1.6%)
2025-04-30 23:09:28,708 - __main__ - INFO -   - tanya_biaya_praktikum: 10 (1.4%)
2025-04-30 23:09:28,709 - __main__ - INFO -   - cara_bayar_sevima_tokopedia: 10 (1.4%)
2025-04-30 23:09:28,709 - __main__ - INFO -   - info_prodi_sipil: 10 (1.4%)
2025-04-30 23:09:28,709 - __main__ - INFO -   - ask_bot_identity: 9 (1.3%)
2025-04-30 23:09:28,710 - __main__ - INFO -   - jadwal_kuliah_ft: 9 (1.3%)
2025-04-30 23:09:28,710 - __main__ - INFO -   - fasilitas_umum_ft: 9 (1.3%)
2025-04-30 23:09:28,710 - __main__ - INFO -   - kontak_ft: 9 (1.3%)
2025-04-30 23:09:28,710 - __main__ - INFO -   - tanya_pembelajaran_prodi: 9 (1.3%)
2025-04-30 23:09:28,711 - __main__ - INFO -   - info_lab_informatika: 8 (1.1%)
2025-04-30 23:09:28,711 - __main__ - INFO -   - info_lab_pertambangan: 8 (1.1%)
2025-04-30 23:09:28,711 - __main__ - INFO -   - neutral: 7 (1.0%)
2025-04-30 23:09:28,712 - __main__ - INFO -   - goodbye_ft: 7 (1.0%)
2025-04-30 23:09:28,713 - __main__ - INFO -   - thankyou_ft: 7 (1.0%)
2025-04-30 23:09:28,713 - __main__ - INFO -   - info_pmb_umum: 7 (1.0%)
2025-04-30 23:09:28,713 - __main__ - INFO -   - info_jalur_pmb: 7 (1.0%)
2025-04-30 23:09:28,715 - __main__ - INFO -   - cara_daftar_pmb: 7 (1.0%)
2025-04-30 23:09:28,715 - __main__ - INFO -   - info_prodi_informatika: 6 (0.8%)
2025-04-30 23:09:28,716 - __main__ - INFO -   - info_prodi_pertambangan: 6 (0.8%)
2025-04-30 23:09:28,716 - __main__ - INFO - Entity Type Distribution (1 types found):
2025-04-30 23:09:28,716 - __main__ - INFO -   - PERSON: 30 (100.0%)
2025-04-30 23:09:28,716 - __main__ - WARNING - 
--- Potential Issues Found in Original Data (3) ---
2025-04-30 23:09:28,717 - __main__ - WARNING -   - Found 164 duplicate text instance(s) (across 92 unique texts that are duplicated).
2025-04-30 23:09:28,717 - __main__ - WARNING -   - Low Example Count: Intent 'info_prodi_informatika' has only 6 examples (0.85%) - Consider adding more data or merging.
2025-04-30 23:09:28,717 - __main__ - WARNING -   - Low Example Count: Intent 'info_prodi_pertambangan' has only 6 examples (0.85%) - Consider adding more data or merging.
2025-04-30 23:09:28,717 - __main__ - WARNING - --- End of Original Data Issues ---
2025-04-30 23:09:28,718 - __main__ - INFO - 
--- Starting Data Augmentation ---
2025-04-30 23:09:28,732 - __main__ - INFO - Analyzing intent distribution for balancing...
2025-04-30 23:09:28,732 - __main__ - INFO - Targeting at least 15 examples per intent.
2025-04-30 23:09:28,733 - __main__ - INFO - Heuristic ideal count per intent (avg/min): 27
2025-04-30 23:09:28,733 - __main__ - INFO - Overall target number of examples: 1767 (from multiplier 2.5)
2025-04-30 23:09:28,734 - __main__ - INFO - Prioritizing augmentation for intents needing examples: ['info_spp_ft', 'info_prodi_informatika', 'info_prodi_pertambangan', 'neutral', 'goodbye_ft', 'thankyou_ft', 'info_pmb_umum', 'info_jalur_pmb', 'cara_daftar_pmb', 'info_lab_informatika', 'info_lab_pertambangan', 'ask_bot_identity', 'jadwal_kuliah_ft', 'fasilitas_umum_ft', 'kontak_ft', 'tanya_pembelajaran_prodi', 'tanya_biaya_praktikum', 'cara_bayar_sevima_tokopedia', 'info_prodi_sipil', 'tanya_pembelajaran_lab', 'greeting_ft', 'cara_bayar_spp_ft', 'info_lab_sipil', 'info_biaya_pmb', 'info_krs_sevima', 'provide_name']
2025-04-30 23:09:28,740 - __main__ - INFO - Attempting to generate approximately 1060 new examples...
2025-04-30 23:09:28,741 - __main__ - INFO - Created augmentation source pool with 834 entries (includes duplicates for balancing).
2025-04-30 23:09:28,897 - __main__ - INFO - Augmentation complete.
2025-04-30 23:09:28,897 - __main__ - INFO - Original examples: 707
2025-04-30 23:09:28,898 - __main__ - INFO - Newly generated unique examples: 1060
2025-04-30 23:09:28,898 - __main__ - INFO - Total examples after augmentation: 1767
2025-04-30 23:09:28,898 - __main__ - INFO - 
--- Analyzing Augmented Data ---
2025-04-30 23:09:28,912 - __main__ - INFO - Original examples: 707
2025-04-30 23:09:28,912 - __main__ - INFO - Total examples after augmentation: 1767
2025-04-30 23:09:28,912 - __main__ - INFO - Intent Distribution in Augmented Data (26 intents):
2025-04-30 23:09:28,913 - __main__ - INFO -   - info_spp_ft: 950 (53.8%)
2025-04-30 23:09:28,913 - __main__ - INFO -   - info_biaya_pmb: 155 (8.8%)
2025-04-30 23:09:28,913 - __main__ - INFO -   - provide_name: 54 (3.1%)
2025-04-30 23:09:28,921 - __main__ - INFO -   - fasilitas_umum_ft: 42 (2.4%)
2025-04-30 23:09:28,922 - __main__ - INFO -   - info_lab_sipil: 38 (2.2%)
2025-04-30 23:09:28,922 - __main__ - INFO -   - cara_bayar_sevima_tokopedia: 36 (2.0%)
2025-04-30 23:09:28,922 - __main__ - INFO -   - kontak_ft: 35 (2.0%)
2025-04-30 23:09:28,923 - __main__ - INFO -   - cara_bayar_spp_ft: 34 (1.9%)
2025-04-30 23:09:28,923 - __main__ - INFO -   - info_krs_sevima: 33 (1.9%)
2025-04-30 23:09:28,927 - __main__ - INFO -   - jadwal_kuliah_ft: 31 (1.8%)
2025-04-30 23:09:28,928 - __main__ - INFO -   - info_lab_pertambangan: 30 (1.7%)
2025-04-30 23:09:28,929 - __main__ - INFO -   - info_lab_informatika: 29 (1.6%)
2025-04-30 23:09:28,929 - __main__ - INFO -   - info_pmb_umum: 27 (1.5%)
2025-04-30 23:09:28,929 - __main__ - INFO -   - info_prodi_informatika: 26 (1.5%)
2025-04-30 23:09:28,930 - __main__ - INFO -   - tanya_pembelajaran_prodi: 26 (1.5%)
2025-04-30 23:09:28,930 - __main__ - INFO -   - goodbye_ft: 25 (1.4%)
2025-04-30 23:09:28,931 - __main__ - INFO -   - ask_bot_identity: 24 (1.4%)
2025-04-30 23:09:28,932 - __main__ - INFO -   - tanya_biaya_praktikum: 24 (1.4%)
2025-04-30 23:09:28,932 - __main__ - INFO -   - info_prodi_pertambangan: 24 (1.4%)
2025-04-30 23:09:28,935 - __main__ - INFO -   - tanya_pembelajaran_lab: 23 (1.3%)
2025-04-30 23:09:28,935 - __main__ - INFO -   - info_prodi_sipil: 20 (1.1%)
2025-04-30 23:09:28,936 - __main__ - INFO -   - neutral: 19 (1.1%)
2025-04-30 23:09:28,936 - __main__ - INFO -   - greeting_ft: 17 (1.0%)
2025-04-30 23:09:28,937 - __main__ - INFO -   - cara_daftar_pmb: 17 (1.0%)
2025-04-30 23:09:28,938 - __main__ - INFO -   - thankyou_ft: 15 (0.8%)
2025-04-30 23:09:28,938 - __main__ - INFO -   - info_jalur_pmb: 13 (0.7%)
2025-04-30 23:09:28,938 - __main__ - WARNING - 
--- Potential Issues Found in Augmented Data (3) ---
2025-04-30 23:09:28,938 - __main__ - WARNING -   - Found 164 duplicate text instance(s) (across 92 unique texts that are duplicated).
2025-04-30 23:09:28,939 - __main__ - WARNING -   - Low Example Count: Intent 'thankyou_ft' has only 15 examples (0.85%) - Consider adding more data or merging.
2025-04-30 23:09:28,939 - __main__ - WARNING -   - Low Example Count: Intent 'info_jalur_pmb' has only 13 examples (0.74%) - Consider adding more data or merging.
2025-04-30 23:09:28,939 - __main__ - WARNING - --- End of Augmented Data Issues ---
2025-04-30 23:09:28,939 - __main__ - INFO - 
--- Saving Augmented Data ---
2025-04-30 23:09:29,103 - __main__ - INFO - Saved 1767 examples to trainfix.json
2025-04-30 23:09:29,104 - __main__ - INFO - --- Augmentation and Saving Complete ---
